<?xml version="1.0" encoding="UTF-8"?>
<testsuite name="com.employee.demo.controller.EmployeeControllerTest" tests="4" skipped="0" failures="0" errors="0" timestamp="2023-03-29T20:45:28" hostname="Vincents-MacBook-Pro.local" time="0.252">
  <properties/>
  <testcase name="given valid update request, when calling updateEmployee(), then return updated employee()" classname="com.employee.demo.controller.EmployeeControllerTest" time="0.23"/>
  <testcase name="given valid delete request, when calling deleteEmployee(), then return success()" classname="com.employee.demo.controller.EmployeeControllerTest" time="0.006"/>
  <testcase name="given valid get request, when calling retrieveAllEmployees(), then return customers()" classname="com.employee.demo.controller.EmployeeControllerTest" time="0.007"/>
  <testcase name="given create valid create request, when calling createEmployee(), then return success()" classname="com.employee.demo.controller.EmployeeControllerTest" time="0.006"/>
  <system-out><![CDATA[16:45:27.692 [Test worker] DEBUG org.springframework.boot.test.autoconfigure.web.servlet.WebMvcTestContextBootstrapper -- Neither @ContextConfiguration nor @ContextHierarchy found for test class [EmployeeControllerTest]: using SpringBootContextLoader
16:45:27.697 [Test worker] DEBUG org.springframework.test.context.support.AbstractContextLoader -- Could not detect default resource locations for test class [com.employee.demo.controller.EmployeeControllerTest]: no resource found for suffixes {-context.xml, Context.groovy}.
16:45:27.698 [Test worker] INFO org.springframework.test.context.support.AnnotationConfigContextLoaderUtils -- Could not detect default configuration classes for test class [com.employee.demo.controller.EmployeeControllerTest]: EmployeeControllerTest does not declare any static, non-private, non-final, nested classes annotated with @Configuration.
16:45:27.730 [Test worker] DEBUG org.springframework.boot.test.autoconfigure.web.servlet.WebMvcTestContextBootstrapper -- Using ContextCustomizers for test class [EmployeeControllerTest]: [DisableAutoConfigurationContextCustomizer, DisableObservabilityContextCustomizer, TypeExcludeFiltersContextCustomizer, PropertyMappingContextCustomizer, Customizer, ImportsContextCustomizer, ExcludeFilterContextCustomizer, DuplicateJsonObjectContextCustomizer, MockitoContextCustomizer]
16:45:27.784 [Test worker] DEBUG org.springframework.context.annotation.ClassPathScanningCandidateComponentProvider -- Identified candidate component class: file [/Users/vincentmeka/Documents/fullstack-app/full-stack-app/backend/employeeApp/build/classes/kotlin/main/com/employee/demo/DemoApplication.class]
16:45:27.786 [Test worker] INFO org.springframework.boot.test.context.SpringBootTestContextBootstrapper -- Found @SpringBootConfiguration com.employee.demo.DemoApplication for test class com.employee.demo.controller.EmployeeControllerTest
16:45:27.801 [Test worker] DEBUG org.springframework.boot.test.autoconfigure.web.servlet.WebMvcTestContextBootstrapper -- Using TestExecutionListeners for test class [EmployeeControllerTest]: [ServletTestExecutionListener, DirtiesContextBeforeModesTestExecutionListener, ApplicationEventsTestExecutionListener, MockitoTestExecutionListener, DependencyInjectionTestExecutionListener, DirtiesContextTestExecutionListener, TransactionalTestExecutionListener, SqlScriptsTestExecutionListener, EventPublishingTestExecutionListener, RestDocsTestExecutionListener, MockRestServiceServerResetTestExecutionListener, MockMvcPrintOnlyOnFailureTestExecutionListener, WebDriverTestExecutionListener, MockWebServiceServerTestExecutionListener, ResetMocksTestExecutionListener]
16:45:27.803 [Test worker] DEBUG org.springframework.test.context.support.AbstractDirtiesContextTestExecutionListener -- Before test class: class [EmployeeControllerTest], class annotated with @DirtiesContext [false] with mode [null]

  .   ____          _            __ _ _
 /\\ / ___'_ __ _ _(_)_ __  __ _ \ \ \ \
( ( )\___ | '_ | '_| | '_ \/ _` | \ \ \ \
 \\/  ___)| |_)| | | | | || (_| |  ) ) ) )
  '  |____| .__|_| |_|_| |_\__, | / / / /
 =========|_|==============|___/=/_/_/_/
 :: Spring Boot ::                (v3.0.5)

2023-03-29T16:45:28.040-04:00  INFO 9063 --- [    Test worker] c.e.d.controller.EmployeeControllerTest  : Starting EmployeeControllerTest using Java 17.0.5 with PID 9063 (started by vincentmeka in /Users/vincentmeka/Documents/fullstack-app/full-stack-app/backend/employeeApp)
2023-03-29T16:45:28.042-04:00  INFO 9063 --- [    Test worker] c.e.d.controller.EmployeeControllerTest  : No active profile set, falling back to 1 default profile: "default"
2023-03-29T16:45:28.941-04:00  INFO 9063 --- [    Test worker] o.s.b.t.m.w.SpringBootMockServletContext : Initializing Spring TestDispatcherServlet ''
2023-03-29T16:45:28.942-04:00  INFO 9063 --- [    Test worker] o.s.t.web.servlet.TestDispatcherServlet  : Initializing Servlet ''
2023-03-29T16:45:28.946-04:00  INFO 9063 --- [    Test worker] o.s.t.web.servlet.TestDispatcherServlet  : Completed initialization in 1 ms
2023-03-29T16:45:28.968-04:00  INFO 9063 --- [    Test worker] c.e.d.controller.EmployeeControllerTest  : Started EmployeeControllerTest in 1.125 seconds (process running for 1.933)
]]></system-out>
  <system-err><![CDATA[]]></system-err>
</testsuite>
