<?xml version="1.0" encoding="UTF-8"?>
<testsuite name="com.employee.demo.service.EmployeeServiceTest" tests="4" skipped="0" failures="0" errors="0" timestamp="2023-03-29T20:45:29" hostname="Vincents-MacBook-Pro.local" time="0.073">
  <properties/>
  <testcase name="given get call, when calling getAllEmployees(), then return employees()" classname="com.employee.demo.service.EmployeeServiceTest" time="0.064"/>
  <testcase name="given valid id, when calling deleteEmployee(), then delete employee()" classname="com.employee.demo.service.EmployeeServiceTest" time="0.003"/>
  <testcase name="given valid employee to save, when calling saveEmployee(), then return create employee()" classname="com.employee.demo.service.EmployeeServiceTest" time="0.003"/>
  <testcase name="given valid id and customer, when calling updateEmployee(), then update customer()" classname="com.employee.demo.service.EmployeeServiceTest" time="0.001"/>
  <system-out><![CDATA[]]></system-out>
  <system-err><![CDATA[]]></system-err>
</testsuite>
